<?xml version="1.0" encoding="UTF-8"?>
<!-- Generated by org.testng.reporters.JUnitXMLReporter -->
<testsuite ignored="0" hostname="DESKTOP-GN8H4QN" failures="0" tests="8" name="Test" time="11.422" errors="0" timestamp="2022-04-11T21:13:50 IST">
  <testcase classname="tests.Test01_GET" name="test01" time="4.42"/>
  <testcase classname="tests.Test01_GET" name="test02" time="0.714"/>
  <testcase classname="tests.Test01_GET" name="test03" time="1.764"/>
  <testcase classname="tests.Test02_Get" name="test_01" time="1.869"/>
  <testcase classname="tests.Test02_POST" name="test01_post" time="0.727"/>
  <testcase classname="tests.Test02_POST" name="test02_put" time="0.581"/>
  <testcase classname="tests.Test02_POST" name="test03_patch" time="0.598"/>
  <testcase classname="tests.Test02_POST" name="test04_patch" time="0.578"/>
</testsuite> <!-- Test -->
