<?xml version="1.0" encoding="UTF-8"?>
<!-- Generated by org.testng.reporters.JUnitXMLReporter -->
<testsuite hostname="DESKTOP-GN8H4QN" ignored="0" name="Test" tests="8" failures="0" timestamp="2022-04-03T01:52:19 IST" time="10.57" errors="0">
  <testcase name="test01" time="2.873" classname="tests.Test01_GET"/>
  <testcase name="test02" time="0.966" classname="tests.Test01_GET"/>
  <testcase name="test03" time="1.521" classname="tests.Test01_GET"/>
  <testcase name="test_01" time="1.585" classname="tests.Test02_Get"/>
  <testcase name="test01_post" time="0.946" classname="tests.Test02_POST"/>
  <testcase name="test02_put" time="0.87" classname="tests.Test02_POST"/>
  <testcase name="test03_patch" time="0.859" classname="tests.Test02_POST"/>
  <testcase name="test04_patch" time="0.891" classname="tests.Test02_POST"/>
</testsuite> <!-- Test -->
