<?xml version="1.0" encoding="UTF-8"?>
<testng-results skipped="0" failed="0" ignored="0" total="8" passed="8">
  <reporter-output>
  </reporter-output>
  <suite name="Suite" duration-ms="10570" started-at="2022-04-03T01:52:08 IST" finished-at="2022-04-03T01:52:19 IST">
    <groups>
    </groups>
    <test name="Test" duration-ms="10570" started-at="2022-04-03T01:52:08 IST" finished-at="2022-04-03T01:52:19 IST">
      <class name="tests.Test02_POST">
        <test-method status="PASS" signature="test01_post()[pri:0, instance:tests.Test02_POST@53f65459]" name="test01_post" duration-ms="946" started-at="2022-04-03T01:52:15 IST" finished-at="2022-04-03T01:52:16 IST">
          <reporter-output>
          </reporter-output>
        </test-method> <!-- test01_post -->
        <test-method status="PASS" signature="test02_put()[pri:0, instance:tests.Test02_POST@53f65459]" name="test02_put" duration-ms="870" started-at="2022-04-03T01:52:16 IST" finished-at="2022-04-03T01:52:17 IST">
          <reporter-output>
          </reporter-output>
        </test-method> <!-- test02_put -->
        <test-method status="PASS" signature="test03_patch()[pri:0, instance:tests.Test02_POST@53f65459]" name="test03_patch" duration-ms="859" started-at="2022-04-03T01:52:17 IST" finished-at="2022-04-03T01:52:18 IST">
          <reporter-output>
          </reporter-output>
        </test-method> <!-- test03_patch -->
        <test-method status="PASS" signature="test04_patch()[pri:0, instance:tests.Test02_POST@53f65459]" name="test04_patch" duration-ms="891" started-at="2022-04-03T01:52:18 IST" finished-at="2022-04-03T01:52:19 IST">
          <reporter-output>
          </reporter-output>
        </test-method> <!-- test04_patch -->
      </class> <!-- tests.Test02_POST -->
      <class name="tests.Test01_GET">
        <test-method status="PASS" signature="test01()[pri:0, instance:tests.Test01_GET@48503868]" name="test01" duration-ms="2873" started-at="2022-04-03T01:52:08 IST" finished-at="2022-04-03T01:52:11 IST">
          <reporter-output>
          </reporter-output>
        </test-method> <!-- test01 -->
        <test-method status="PASS" signature="test02()[pri:0, instance:tests.Test01_GET@48503868]" name="test02" duration-ms="966" started-at="2022-04-03T01:52:11 IST" finished-at="2022-04-03T01:52:12 IST">
          <reporter-output>
          </reporter-output>
        </test-method> <!-- test02 -->
        <test-method status="PASS" signature="test03()[pri:0, instance:tests.Test01_GET@48503868]" name="test03" duration-ms="1521" started-at="2022-04-03T01:52:12 IST" finished-at="2022-04-03T01:52:14 IST">
          <reporter-output>
          </reporter-output>
        </test-method> <!-- test03 -->
      </class> <!-- tests.Test01_GET -->
      <class name="tests.Test02_Get">
        <test-method status="PASS" signature="test_01()[pri:0, instance:tests.Test02_Get@4d95d2a2]" name="test_01" duration-ms="1585" started-at="2022-04-03T01:52:14 IST" finished-at="2022-04-03T01:52:15 IST">
          <reporter-output>
          </reporter-output>
        </test-method> <!-- test_01 -->
      </class> <!-- tests.Test02_Get -->
    </test> <!-- Test -->
  </suite> <!-- Suite -->
</testng-results>
