<?xml version="1.0" encoding="UTF-8"?>
<testng-results ignored="0" total="1" passed="1" failed="0" skipped="0">
  <reporter-output>
  </reporter-output>
  <suite started-at="2022-04-15T00:49:42 IST" name="Default suite" finished-at="2022-04-15T00:49:44 IST" duration-ms="2100">
    <groups>
    </groups>
    <test started-at="2022-04-15T00:49:42 IST" name="Default test" finished-at="2022-04-15T00:49:44 IST" duration-ms="2100">
      <class name="tests.Test03_GET">
        <test-method signature="Test03()[pri:0, instance:tests.Test03_GET@7c24b813]" started-at="2022-04-15T00:49:42 IST" name="Test03" finished-at="2022-04-15T00:49:44 IST" duration-ms="2064" status="PASS">
          <reporter-output>
          </reporter-output>
        </test-method> <!-- Test03 -->
      </class> <!-- tests.Test03_GET -->
    </test> <!-- Default test -->
  </suite> <!-- Default suite -->
</testng-results>
